-------------------------------------------------------------------------------
Test set: ac.dia.productmanager.ProductManager.ProductManagerApplicationTests
-------------------------------------------------------------------------------
Tests run: 1, Failures: 0, Errors: 1, Skipped: 0, Time elapsed: 16.469 s <<< FAILURE! - in ac.dia.productmanager.ProductManager.ProductManagerApplicationTests
contextLoads  Time elapsed: 0.04 s  <<< ERROR!
java.lang.IllegalStateException: Failed to load ApplicationContext
Caused by: org.springframework.beans.factory.BeanCreationException: Error creating bean with name 'entityManagerFactory' defined in class path resource [org/springframework/boot/autoconfigure/orm/jpa/HibernateJpaConfiguration.class]: Invocation of init method failed; nested exception is org.hibernate.AnnotationException: java.util.ArrayList collection type not supported for property: ac.dia.productmanager.ProductManager.Orders.orderDetailses
Caused by: org.hibernate.AnnotationException: java.util.ArrayList collection type not supported for property: ac.dia.productmanager.ProductManager.Orders.orderDetailses

